  Tutorial06.cpp
c:\users\josh\desktop\大学\グラフィック\c++\tutorial06\tutorial06.cpp(489): warning C4244: '=': conversion from 'float' to 'UINT', possible loss of data
c:\users\josh\desktop\大学\グラフィック\c++\tutorial06\tutorial06.cpp(572): error C4430: missing type specifier - int assumed. Note: C++ does not support default-int
c:\users\josh\desktop\大学\グラフィック\c++\tutorial06\tutorial06.cpp(572): error C2365: 'memset': redefinition; previous definition was 'function'
  c:\program files (x86)\microsoft visual studio\2017\community\vc\tools\msvc\14.16.27023\include\vcruntime_string.h(60): note: see declaration of 'memset'
c:\users\josh\desktop\大学\グラフィック\c++\tutorial06\tutorial06.cpp(573): error C3927: '->': trailing return type is not allowed after a non-function declarator
c:\users\josh\desktop\大学\グラフィック\c++\tutorial06\tutorial06.cpp(573): error C3484: syntax error: expected '->' before the return type
c:\users\josh\desktop\大学\グラフィック\c++\tutorial06\tutorial06.cpp(573): error C3613: missing return type after '->' ('int' assumed)
c:\users\josh\desktop\大学\グラフィック\c++\tutorial06\tutorial06.cpp(573): error C4430: missing type specifier - int assumed. Note: C++ does not support default-int
c:\users\josh\desktop\大学\グラフィック\c++\tutorial06\tutorial06.cpp(573): error C2371: 'InitData': redefinition; different basic types
  c:\users\josh\desktop\大学\グラフィック\c++\tutorial06\tutorial06.cpp(571): note: see declaration of 'InitData'
c:\users\josh\desktop\大学\グラフィック\c++\tutorial06\tutorial06.cpp(573): error C2146: syntax error: missing ';' before identifier 'pSysMem'
c:\users\josh\desktop\大学\グラフィック\c++\tutorial06\tutorial06.cpp(574): error C4430: missing type specifier - int assumed. Note: C++ does not support default-int
c:\users\josh\desktop\大学\グラフィック\c++\tutorial06\tutorial06.cpp(574): error C2065: 'bd': undeclared identifier
c:\users\josh\desktop\大学\グラフィック\c++\tutorial06\tutorial06.cpp(575): error C2059: syntax error: 'if'
c:\users\josh\desktop\大学\グラフィック\c++\tutorial06\tutorial06.cpp(581): error C3927: '->': trailing return type is not allowed after a non-function declarator
c:\users\josh\desktop\大学\グラフィック\c++\tutorial06\tutorial06.cpp(581): error C3613: missing return type after '->' ('int' assumed)
c:\users\josh\desktop\大学\グラフィック\c++\tutorial06\tutorial06.cpp(581): error C4430: missing type specifier - int assumed. Note: C++ does not support default-int
c:\users\josh\desktop\大学\グラフィック\c++\tutorial06\tutorial06.cpp(581): error C2040: 'g_pImmediateContext': 'int' differs in levels of indirection from 'ID3D11DeviceContext *'
c:\users\josh\desktop\大学\グラフィック\c++\tutorial06\tutorial06.cpp(581): error C2146: syntax error: missing ';' before identifier 'IASetVertexBuffers'
c:\users\josh\desktop\大学\グラフィック\c++\tutorial06\tutorial06.cpp(605): error C3927: '->': trailing return type is not allowed after a non-function declarator
c:\users\josh\desktop\大学\グラフィック\c++\tutorial06\tutorial06.cpp(605): error C3484: syntax error: expected '->' before the return type
c:\users\josh\desktop\大学\グラフィック\c++\tutorial06\tutorial06.cpp(605): error C3613: missing return type after '->' ('int' assumed)
c:\users\josh\desktop\大学\グラフィック\c++\tutorial06\tutorial06.cpp(605): error C4430: missing type specifier - int assumed. Note: C++ does not support default-int
c:\users\josh\desktop\大学\グラフィック\c++\tutorial06\tutorial06.cpp(605): error C2146: syntax error: missing ';' before identifier 'Usage'
c:\users\josh\desktop\大学\グラフィック\c++\tutorial06\tutorial06.cpp(606): error C3927: '->': trailing return type is not allowed after a non-function declarator
c:\users\josh\desktop\大学\グラフィック\c++\tutorial06\tutorial06.cpp(606): error C3484: syntax error: expected '->' before the return type
c:\users\josh\desktop\大学\グラフィック\c++\tutorial06\tutorial06.cpp(606): error C3613: missing return type after '->' ('int' assumed)
c:\users\josh\desktop\大学\グラフィック\c++\tutorial06\tutorial06.cpp(606): error C4430: missing type specifier - int assumed. Note: C++ does not support default-int
c:\users\josh\desktop\大学\グラフィック\c++\tutorial06\tutorial06.cpp(606): error C2086: 'int bd': redefinition
  c:\users\josh\desktop\大学\グラフィック\c++\tutorial06\tutorial06.cpp(605): note: see declaration of 'bd'
c:\users\josh\desktop\大学\グラフィック\c++\tutorial06\tutorial06.cpp(606): error C2146: syntax error: missing ';' before identifier 'ByteWidth'
c:\users\josh\desktop\大学\グラフィック\c++\tutorial06\tutorial06.cpp(607): error C3927: '->': trailing return type is not allowed after a non-function declarator
c:\users\josh\desktop\大学\グラフィック\c++\tutorial06\tutorial06.cpp(607): error C3484: syntax error: expected '->' before the return type
c:\users\josh\desktop\大学\グラフィック\c++\tutorial06\tutorial06.cpp(607): error C3613: missing return type after '->' ('int' assumed)
c:\users\josh\desktop\大学\グラフィック\c++\tutorial06\tutorial06.cpp(607): error C4430: missing type specifier - int assumed. Note: C++ does not support default-int
c:\users\josh\desktop\大学\グラフィック\c++\tutorial06\tutorial06.cpp(607): error C2086: 'int bd': redefinition
  c:\users\josh\desktop\大学\グラフィック\c++\tutorial06\tutorial06.cpp(605): note: see declaration of 'bd'
c:\users\josh\desktop\大学\グラフィック\c++\tutorial06\tutorial06.cpp(607): error C2146: syntax error: missing ';' before identifier 'BindFlags'
c:\users\josh\desktop\大学\グラフィック\c++\tutorial06\tutorial06.cpp(608): error C3927: '->': trailing return type is not allowed after a non-function declarator
c:\users\josh\desktop\大学\グラフィック\c++\tutorial06\tutorial06.cpp(608): error C3484: syntax error: expected '->' before the return type
c:\users\josh\desktop\大学\グラフィック\c++\tutorial06\tutorial06.cpp(608): error C3613: missing return type after '->' ('int' assumed)
c:\users\josh\desktop\大学\グラフィック\c++\tutorial06\tutorial06.cpp(608): error C4430: missing type specifier - int assumed. Note: C++ does not support default-int
c:\users\josh\desktop\大学\グラフィック\c++\tutorial06\tutorial06.cpp(608): error C2086: 'int bd': redefinition
  c:\users\josh\desktop\大学\グラフィック\c++\tutorial06\tutorial06.cpp(605): note: see declaration of 'bd'
c:\users\josh\desktop\大学\グラフィック\c++\tutorial06\tutorial06.cpp(608): error C2146: syntax error: missing ';' before identifier 'CPUAccessFlags'
c:\users\josh\desktop\大学\グラフィック\c++\tutorial06\tutorial06.cpp(609): error C3927: '->': trailing return type is not allowed after a non-function declarator
c:\users\josh\desktop\大学\グラフィック\c++\tutorial06\tutorial06.cpp(609): error C3484: syntax error: expected '->' before the return type
c:\users\josh\desktop\大学\グラフィック\c++\tutorial06\tutorial06.cpp(609): error C3613: missing return type after '->' ('int' assumed)
c:\users\josh\desktop\大学\グラフィック\c++\tutorial06\tutorial06.cpp(609): error C4430: missing type specifier - int assumed. Note: C++ does not support default-int
c:\users\josh\desktop\大学\グラフィック\c++\tutorial06\tutorial06.cpp(609): error C2371: 'InitData': redefinition; different basic types
  c:\users\josh\desktop\大学\グラフィック\c++\tutorial06\tutorial06.cpp(571): note: see declaration of 'InitData'
c:\users\josh\desktop\大学\グラフィック\c++\tutorial06\tutorial06.cpp(609): error C2146: syntax error: missing ';' before identifier 'pSysMem'
c:\users\josh\desktop\大学\グラフィック\c++\tutorial06\tutorial06.cpp(610): error C4430: missing type specifier - int assumed. Note: C++ does not support default-int
c:\users\josh\desktop\大学\グラフィック\c++\tutorial06\tutorial06.cpp(610): error C2374: 'hr': redefinition; multiple initialization
  c:\users\josh\desktop\大学\グラフィック\c++\tutorial06\tutorial06.cpp(574): note: see declaration of 'hr'
c:\users\josh\desktop\大学\グラフィック\c++\tutorial06\tutorial06.cpp(610): error C2664: 'HRESULT ID3D11Device::CreateBuffer(const D3D11_BUFFER_DESC *,const D3D11_SUBRESOURCE_DATA *,ID3D11Buffer **)': cannot convert argument 1 from 'int *' to 'const D3D11_BUFFER_DESC *'
  c:\users\josh\desktop\大学\グラフィック\c++\tutorial06\tutorial06.cpp(610): note: Types pointed to are unrelated; conversion requires reinterpret_cast, C-style cast or function-style cast
c:\users\josh\desktop\大学\グラフィック\c++\tutorial06\tutorial06.cpp(611): error C2059: syntax error: 'if'
c:\users\josh\desktop\大学\グラフィック\c++\tutorial06\tutorial06.cpp(615): error C3927: '->': trailing return type is not allowed after a non-function declarator
c:\users\josh\desktop\大学\グラフィック\c++\tutorial06\tutorial06.cpp(615): error C3613: missing return type after '->' ('int' assumed)
c:\users\josh\desktop\大学\グラフィック\c++\tutorial06\tutorial06.cpp(615): error C4430: missing type specifier - int assumed. Note: C++ does not support default-int
c:\users\josh\desktop\大学\グラフィック\c++\tutorial06\tutorial06.cpp(615): error C2040: 'g_pImmediateContext': 'int' differs in levels of indirection from 'ID3D11DeviceContext *'
c:\users\josh\desktop\大学\グラフィック\c++\tutorial06\tutorial06.cpp(615): error C2146: syntax error: missing ';' before identifier 'IASetIndexBuffer'
c:\users\josh\desktop\大学\グラフィック\c++\tutorial06\tutorial06.cpp(618): error C3927: '->': trailing return type is not allowed after a non-function declarator
c:\users\josh\desktop\大学\グラフィック\c++\tutorial06\tutorial06.cpp(618): error C3613: missing return type after '->' ('int' assumed)
c:\users\josh\desktop\大学\グラフィック\c++\tutorial06\tutorial06.cpp(618): error C4430: missing type specifier - int assumed. Note: C++ does not support default-int
c:\users\josh\desktop\大学\グラフィック\c++\tutorial06\tutorial06.cpp(618): error C2040: 'g_pImmediateContext': 'int' differs in levels of indirection from 'ID3D11DeviceContext *'
c:\users\josh\desktop\大学\グラフィック\c++\tutorial06\tutorial06.cpp(618): error C2146: syntax error: missing ';' before identifier 'IASetPrimitiveTopology'
c:\users\josh\desktop\大学\グラフィック\c++\tutorial06\tutorial06.cpp(621): error C3927: '->': trailing return type is not allowed after a non-function declarator
c:\users\josh\desktop\大学\グラフィック\c++\tutorial06\tutorial06.cpp(621): error C3484: syntax error: expected '->' before the return type
c:\users\josh\desktop\大学\グラフィック\c++\tutorial06\tutorial06.cpp(621): error C3613: missing return type after '->' ('int' assumed)
c:\users\josh\desktop\大学\グラフィック\c++\tutorial06\tutorial06.cpp(621): error C4430: missing type specifier - int assumed. Note: C++ does not support default-int
c:\users\josh\desktop\大学\グラフィック\c++\tutorial06\tutorial06.cpp(621): error C2086: 'int bd': redefinition
  c:\users\josh\desktop\大学\グラフィック\c++\tutorial06\tutorial06.cpp(605): note: see declaration of 'bd'
c:\users\josh\desktop\大学\グラフィック\c++\tutorial06\tutorial06.cpp(621): error C2146: syntax error: missing ';' before identifier 'Usage'
c:\users\josh\desktop\大学\グラフィック\c++\tutorial06\tutorial06.cpp(622): error C3927: '->': trailing return type is not allowed after a non-function declarator
c:\users\josh\desktop\大学\グラフィック\c++\tutorial06\tutorial06.cpp(622): error C3484: syntax error: expected '->' before the return type
c:\users\josh\desktop\大学\グラフィック\c++\tutorial06\tutorial06.cpp(622): error C3613: missing return type after '->' ('int' assumed)
c:\users\josh\desktop\大学\グラフィック\c++\tutorial06\tutorial06.cpp(622): error C4430: missing type specifier - int assumed. Note: C++ does not support default-int
c:\users\josh\desktop\大学\グラフィック\c++\tutorial06\tutorial06.cpp(622): error C2086: 'int bd': redefinition
  c:\users\josh\desktop\大学\グラフィック\c++\tutorial06\tutorial06.cpp(605): note: see declaration of 'bd'
c:\users\josh\desktop\大学\グラフィック\c++\tutorial06\tutorial06.cpp(622): error C2146: syntax error: missing ';' before identifier 'ByteWidth'
c:\users\josh\desktop\大学\グラフィック\c++\tutorial06\tutorial06.cpp(623): error C3927: '->': trailing return type is not allowed after a non-function declarator
c:\users\josh\desktop\大学\グラフィック\c++\tutorial06\tutorial06.cpp(623): error C3484: syntax error: expected '->' before the return type
c:\users\josh\desktop\大学\グラフィック\c++\tutorial06\tutorial06.cpp(623): error C3613: missing return type after '->' ('int' assumed)
c:\users\josh\desktop\大学\グラフィック\c++\tutorial06\tutorial06.cpp(623): error C4430: missing type specifier - int assumed. Note: C++ does not support default-int
c:\users\josh\desktop\大学\グラフィック\c++\tutorial06\tutorial06.cpp(623): error C2086: 'int bd': redefinition
  c:\users\josh\desktop\大学\グラフィック\c++\tutorial06\tutorial06.cpp(605): note: see declaration of 'bd'
c:\users\josh\desktop\大学\グラフィック\c++\tutorial06\tutorial06.cpp(623): error C2146: syntax error: missing ';' before identifier 'BindFlags'
c:\users\josh\desktop\大学\グラフィック\c++\tutorial06\tutorial06.cpp(624): error C3927: '->': trailing return type is not allowed after a non-function declarator
c:\users\josh\desktop\大学\グラフィック\c++\tutorial06\tutorial06.cpp(624): error C3484: syntax error: expected '->' before the return type
c:\users\josh\desktop\大学\グラフィック\c++\tutorial06\tutorial06.cpp(624): error C3613: missing return type after '->' ('int' assumed)
c:\users\josh\desktop\大学\グラフィック\c++\tutorial06\tutorial06.cpp(624): error C4430: missing type specifier - int assumed. Note: C++ does not support default-int
c:\users\josh\desktop\大学\グラフィック\c++\tutorial06\tutorial06.cpp(624): error C2086: 'int bd': redefinition
  c:\users\josh\desktop\大学\グラフィック\c++\tutorial06\tutorial06.cpp(605): note: see declaration of 'bd'
c:\users\josh\desktop\大学\グラフィック\c++\tutorial06\tutorial06.cpp(624): error C2146: syntax error: missing ';' before identifier 'CPUAccessFlags'
c:\users\josh\desktop\大学\グラフィック\c++\tutorial06\tutorial06.cpp(625): error C4430: missing type specifier - int assumed. Note: C++ does not support default-int
c:\users\josh\desktop\大学\グラフィック\c++\tutorial06\tutorial06.cpp(625): error C2374: 'hr': redefinition; multiple initialization
  c:\users\josh\desktop\大学\グラフィック\c++\tutorial06\tutorial06.cpp(574): note: see declaration of 'hr'
c:\users\josh\desktop\大学\グラフィック\c++\tutorial06\tutorial06.cpp(625): error C2664: 'HRESULT ID3D11Device::CreateBuffer(const D3D11_BUFFER_DESC *,const D3D11_SUBRESOURCE_DATA *,ID3D11Buffer **)': cannot convert argument 1 from 'int *' to 'const D3D11_BUFFER_DESC *'
  c:\users\josh\desktop\大学\グラフィック\c++\tutorial06\tutorial06.cpp(625): note: Types pointed to are unrelated; conversion requires reinterpret_cast, C-style cast or function-style cast
c:\users\josh\desktop\大学\グラフィック\c++\tutorial06\tutorial06.cpp(626): error C2059: syntax error: 'if'
c:\users\josh\desktop\大学\グラフィック\c++\tutorial06\tutorial06.cpp(630): error C4430: missing type specifier - int assumed. Note: C++ does not support default-int
c:\users\josh\desktop\大学\グラフィック\c++\tutorial06\tutorial06.cpp(630): error C2371: 'g_World': redefinition; different basic types
  c:\users\josh\desktop\大学\グラフィック\c++\tutorial06\tutorial06.cpp(68): note: see declaration of 'g_World'
c:\users\josh\desktop\大学\グラフィック\c++\tutorial06\tutorial06.cpp(630): error C2440: 'initializing': cannot convert from 'DirectX::XMMATRIX' to 'int'
  c:\users\josh\desktop\大学\グラフィック\c++\tutorial06\tutorial06.cpp(630): note: No user-defined-conversion operator available that can perform this conversion, or the operator cannot be called
c:\users\josh\desktop\大学\グラフィック\c++\tutorial06\tutorial06.cpp(636): error C4430: missing type specifier - int assumed. Note: C++ does not support default-int
c:\users\josh\desktop\大学\グラフィック\c++\tutorial06\tutorial06.cpp(636): error C2371: 'g_View': redefinition; different basic types
  c:\users\josh\desktop\大学\グラフィック\c++\tutorial06\tutorial06.cpp(69): note: see declaration of 'g_View'
c:\users\josh\desktop\大学\グラフィック\c++\tutorial06\tutorial06.cpp(636): error C2440: 'initializing': cannot convert from 'DirectX::XMMATRIX' to 'int'
  c:\users\josh\desktop\大学\グラフィック\c++\tutorial06\tutorial06.cpp(636): note: No user-defined-conversion operator available that can perform this conversion, or the operator cannot be called
c:\users\josh\desktop\大学\グラフィック\c++\tutorial06\tutorial06.cpp(639): error C4430: missing type specifier - int assumed. Note: C++ does not support default-int
c:\users\josh\desktop\大学\グラフィック\c++\tutorial06\tutorial06.cpp(639): error C2371: 'g_Projection': redefinition; different basic types
  c:\users\josh\desktop\大学\グラフィック\c++\tutorial06\tutorial06.cpp(70): note: see declaration of 'g_Projection'
c:\users\josh\desktop\大学\グラフィック\c++\tutorial06\tutorial06.cpp(639): error C2065: 'width': undeclared identifier
c:\users\josh\desktop\大学\グラフィック\c++\tutorial06\tutorial06.cpp(639): error C2065: 'height': undeclared identifier
c:\users\josh\desktop\大学\グラフィック\c++\tutorial06\tutorial06.cpp(639): error C2660: 'DirectX::XMMatrixPerspectiveFovLH': function does not take 3 arguments
  c:\program files (x86)\windows kits\10\include\10.0.18362.0\um\directxmathmatrix.inl(2186): note: see declaration of 'DirectX::XMMatrixPerspectiveFovLH'
c:\users\josh\desktop\大学\グラフィック\c++\tutorial06\tutorial06.cpp(641): error C2059: syntax error: 'return'
c:\users\josh\desktop\大学\グラフィック\c++\tutorial06\tutorial06.cpp(642): error C2059: syntax error: '}'
c:\users\josh\desktop\大学\グラフィック\c++\tutorial06\tutorial06.cpp(642): error C2143: syntax error: missing ';' before '}'
c:\users\josh\desktop\大学\グラフィック\c++\tutorial06\tutorial06.cpp(649): error C2143: syntax error: missing ';' before '{'
c:\users\josh\desktop\大学\グラフィック\c++\tutorial06\tutorial06.cpp(649): error C2447: '{': missing function header (old-style formal list?)
