c:\users\serge\documents\university\smo\smo\x64\debug\vc141.pdb
c:\users\serge\documents\university\smo\smo\x64\debug\mainwindow.obj
c:\users\serge\documents\university\smo\smo\x64\debug\main.obj
c:\users\serge\documents\university\smo\smo\x64\debug\systemtask.obj
c:\users\serge\documents\university\smo\smo\x64\debug\systemevent.obj
c:\users\serge\documents\university\smo\smo\x64\debug\systemcontroller.obj
c:\users\serge\documents\university\smo\smo\x64\debug\statisticscontroller.obj
c:\users\serge\documents\university\smo\smo\x64\debug\sourcedevice.obj
c:\users\serge\documents\university\smo\smo\x64\debug\operatingdevice.obj
c:\users\serge\documents\university\smo\smo\x64\debug\moc_systemcontroller.obj
c:\users\serge\documents\university\smo\smo\x64\debug\moc_mainwindow.obj
c:\users\serge\documents\university\smo\smo\x64\debug\bufferqueue.obj
c:\users\serge\documents\university\smo\smo\debug\moc_predefs.h
c:\users\serge\documents\university\smo\smo\generatedfiles\debug\moc_mainwindow.cpp
c:\users\serge\documents\university\smo\smo\generatedfiles\debug\moc_systemcontroller.cpp
c:\users\serge\documents\university\smo\smo\generatedfiles\ui_mainwindow.h
c:\users\serge\documents\university\smo\smo\debug\smo.exe
c:\users\serge\documents\university\smo\smo\debug\smo.ilk
c:\users\serge\documents\university\smo\smo\debug\smo.pdb
c:\users\serge\documents\university\smo\smo\x64\debug\smo.tlog\cl.command.1.tlog
c:\users\serge\documents\university\smo\smo\x64\debug\smo.tlog\cl.read.1.tlog
c:\users\serge\documents\university\smo\smo\x64\debug\smo.tlog\cl.write.1.tlog
c:\users\serge\documents\university\smo\smo\x64\debug\smo.tlog\custombuild.command.1.tlog
c:\users\serge\documents\university\smo\smo\x64\debug\smo.tlog\custombuild.read.1.tlog
c:\users\serge\documents\university\smo\smo\x64\debug\smo.tlog\custombuild.write.1.tlog
c:\users\serge\documents\university\smo\smo\x64\debug\smo.tlog\link.command.1.tlog
c:\users\serge\documents\university\smo\smo\x64\debug\smo.tlog\link.read.1.tlog
c:\users\serge\documents\university\smo\smo\x64\debug\smo.tlog\link.write.1.tlog
